<?xml version="1.0" encoding="utf-8"?><testsuites><testsuite errors="0" failures="0" hostname="dani-pc" name="pytest" skipped="0" tests="7" time="2.858" timestamp="2020-05-13T08:24:35.320433"><testcase classname="test_submit" file="test_submit.py" line="3" name="test_q1" time="0.003"></testcase><testcase classname="test_submit" file="test_submit.py" line="8" name="test_q2" time="0.001"></testcase><testcase classname="test_submit" file="test_submit.py" line="13" name="test_q3" time="0.001"></testcase><testcase classname="test_submit" file="test_submit.py" line="18" name="test_q4" time="0.001"></testcase><testcase classname="test_submit" file="test_submit.py" line="23" name="test_q5" time="0.005"></testcase><testcase classname="test_submit" file="test_submit.py" line="28" name="test_q6" time="0.004"></testcase><testcase classname="test_submit" file="test_submit.py" line="33" name="test_q7" time="0.004"></testcase></testsuite></testsuites>