<?xml version="1.0" encoding="utf-8"?><testsuites><testsuite errors="0" failures="0" hostname="dani-pc" name="pytest" skipped="0" tests="4" time="1.558" timestamp="2020-05-18T08:34:20.116848"><testcase classname="test_submit" file="test_submit.py" line="3" name="test_q1" time="0.001"></testcase><testcase classname="test_submit" file="test_submit.py" line="8" name="test_q2" time="0.013"></testcase><testcase classname="test_submit" file="test_submit.py" line="13" name="test_q3" time="0.013"></testcase><testcase classname="test_submit" file="test_submit.py" line="18" name="test_q4" time="0.145"></testcase></testsuite></testsuites>