<?xml version="1.0" encoding="utf-8"?><testsuites><testsuite errors="0" failures="1" hostname="dani-pc" name="pytest" skipped="0" tests="7" time="2.484" timestamp="2020-05-26T09:05:07.691791"><testcase classname="test_submit" file="test_submit.py" line="3" name="test_q1" time="0.002"><failure message="AssertionError: assert [&apos;ASIA (EX. NEAR EAST)         &apos;,\n &apos;BALTICS                            &apos;,\n &apos;C.W. OF IND. STATES &apos;,\n &apos;EASTERN EUROPE                     &apos;,\n &apos;LATIN AMER. &amp; CARIB    &apos;,\n &apos;NEAR EAST                          &apos;,\n &apos;NORTHERN AFRICA                    &apos;,\n &apos;NORTHERN AMERICA                   &apos;,\n &apos;OCEANIA                            &apos;,\n &apos;SUB-SAHARAN AFRICA                 &apos;,\n &apos;WESTERN EUROPE                     &apos;] == [&apos;ASIA (EX. NEAR EAST)&apos;,\n &apos;BALTICS&apos;,\n &apos;C.W. OF IND. STATES&apos;,\n &apos;EASTERN EUROPE&apos;,\n &apos;LATIN AMER. &amp; CARIB&apos;,\n &apos;NEAR EAST&apos;,\n &apos;NORTHERN AFRICA&apos;,\n &apos;NORTHERN AMERICA&apos;,\n &apos;OCEANIA&apos;,\n &apos;SUB-SAHARAN AFRICA&apos;,\n &apos;WESTERN EUROPE&apos;]
  At index 0 diff: &apos;ASIA (EX. NEAR EAST)         &apos; != &apos;ASIA (EX. NEAR EAST)&apos;
  Full diff:
    [
  -  &apos;ASIA (EX. NEAR EAST)         &apos;,
  ?                       ---------
  +  &apos;ASIA (EX. NEAR EAST)&apos;,
  -  &apos;BALTICS                            &apos;,
  +  &apos;BALTICS&apos;,
  -  &apos;C.W. OF IND. STATES &apos;,
  ?                      -
  +  &apos;C.W. OF IND. STATES&apos;,
  -  &apos;EASTERN EUROPE                     &apos;,
  +  &apos;EASTERN EUROPE&apos;,
  -  &apos;LATIN AMER. &amp; CARIB    &apos;,
  ?                      ----
  +  &apos;LATIN AMER. &amp; CARIB&apos;,
  -  &apos;NEAR EAST                          &apos;,
  -  &apos;NORTHERN AFRICA                    &apos;,
  -  &apos;NORTHERN AMERICA                   &apos;,
  -  &apos;OCEANIA                            &apos;,
  -  &apos;SUB-SAHARAN AFRICA                 &apos;,
  -  &apos;WESTERN EUROPE                     &apos;,
  +  &apos;NEAR EAST&apos;,
  +  &apos;NORTHERN AFRICA&apos;,
  +  &apos;NORTHERN AMERICA&apos;,
  +  &apos;OCEANIA&apos;,
  +  &apos;SUB-SAHARAN AFRICA&apos;,
  +  &apos;WESTERN EUROPE&apos;,
    ]">E   AssertionError: assert [&apos;ASIA (EX. NEAR EAST)         &apos;,\n &apos;BALTICS                            &apos;,\n &apos;C.W. OF IND. STATES &apos;,\n &apos;EASTERN EUROPE                     &apos;,\n &apos;LATIN AMER. &amp; CARIB    &apos;,\n &apos;NEAR EAST                          &apos;,\n &apos;NORTHERN AFRICA                    &apos;,\n &apos;NORTHERN AMERICA                   &apos;,\n &apos;OCEANIA                            &apos;,\n &apos;SUB-SAHARAN AFRICA                 &apos;,\n &apos;WESTERN EUROPE                     &apos;] == [&apos;ASIA (EX. NEAR EAST)&apos;,\n &apos;BALTICS&apos;,\n &apos;C.W. OF IND. STATES&apos;,\n &apos;EASTERN EUROPE&apos;,\n &apos;LATIN AMER. &amp; CARIB&apos;,\n &apos;NEAR EAST&apos;,\n &apos;NORTHERN AFRICA&apos;,\n &apos;NORTHERN AMERICA&apos;,\n &apos;OCEANIA&apos;,\n &apos;SUB-SAHARAN AFRICA&apos;,\n &apos;WESTERN EUROPE&apos;]
      At index 0 diff: &apos;ASIA (EX. NEAR EAST)         &apos; != &apos;ASIA (EX. NEAR EAST)&apos;
      Full diff:
        [
      -  &apos;ASIA (EX. NEAR EAST)         &apos;,
      ?                       ---------
      +  &apos;ASIA (EX. NEAR EAST)&apos;,
      -  &apos;BALTICS                            &apos;,
      +  &apos;BALTICS&apos;,
      -  &apos;C.W. OF IND. STATES &apos;,
      ?                      -
      +  &apos;C.W. OF IND. STATES&apos;,
      -  &apos;EASTERN EUROPE                     &apos;,
      +  &apos;EASTERN EUROPE&apos;,
      -  &apos;LATIN AMER. &amp; CARIB    &apos;,
      ?                      ----
      +  &apos;LATIN AMER. &amp; CARIB&apos;,
      -  &apos;NEAR EAST                          &apos;,
      -  &apos;NORTHERN AFRICA                    &apos;,
      -  &apos;NORTHERN AMERICA                   &apos;,
      -  &apos;OCEANIA                            &apos;,
      -  &apos;SUB-SAHARAN AFRICA                 &apos;,
      -  &apos;WESTERN EUROPE                     &apos;,
      +  &apos;NEAR EAST&apos;,
      +  &apos;NORTHERN AFRICA&apos;,
      +  &apos;NORTHERN AMERICA&apos;,
      +  &apos;OCEANIA&apos;,
      +  &apos;SUB-SAHARAN AFRICA&apos;,
      +  &apos;WESTERN EUROPE&apos;,
        ]</failure></testcase><testcase classname="test_submit" file="test_submit.py" line="11" name="test_q2" time="0.002"></testcase><testcase classname="test_submit" file="test_submit.py" line="16" name="test_q3" time="0.004"></testcase><testcase classname="test_submit" file="test_submit.py" line="21" name="test_q4" time="0.052"><system-out>could not convert string to float: &apos;Test Country&apos;
could not convert string to float: &apos;NEAR EAST&apos;
</system-out></testcase><testcase classname="test_submit" file="test_submit.py" line="26" name="test_q5" time="0.002"></testcase><testcase classname="test_submit" file="test_submit.py" line="34" name="test_q6" time="0.313"></testcase><testcase classname="test_submit" file="test_submit.py" line="39" name="test_q7" time="0.383"></testcase></testsuite></testsuites>